<?xml version="1.0" encoding="UTF-8"?>
<testsuites>
  <testsuite name="Customer account has not been confirmed" timestamp="2021-05-22T14:16:30" time="15.939" tests="2" failures="1" errors="1" skipped="0">
    <properties>
      <property name="specId" value="0"/>
      <property name="suiteName" value="Customer account has not been confirmed"/>
      <property name="capabilities" value="chrome.90_0_4430_212.windows"/>
      <property name="file" value=".\test\specs\estore\negative\login\confirmationrequired.login.js"/>
    </properties>
    <testcase classname="chrome.90_0_4430_212.windows.Customer account has not been confirmed" name="should show message that the account has not been confirmed" time="15.891">
      <failure/>
      <error message="Expect $(`div.message-error`) to have text&#xA;&#xA;Expected: &quot;Akun ini belum terkonfirmasi. Mohon cek email Anda untuk mengkonfirmasi.&quot;&#xA;Received: &quot;&quot;"/>
      <system-out><![CDATA[
COMMAND: POST /session/843a6462b3e62dd548bede7ee2be03d1/window/maximize - {}
COMMAND: POST /session/843a6462b3e62dd548bede7ee2be03d1/element - {"using":"css selector","value":"#email"}
RESULT: {"url":"https://eprimafreshmart.cp.co.id/pfm/index.php/customer/account/login"}
RESULT: {"using":"css selector","value":"#email"}
COMMAND: POST /session/843a6462b3e62dd548bede7ee2be03d1/element/9451b320-9d24-4ede-8418-03031c203551/clear - {}
RESULT: {}
RESULT: {}
COMMAND: POST /session/843a6462b3e62dd548bede7ee2be03d1/element/9451b320-9d24-4ede-8418-03031c203551/value - {"text":"hanifah@yopmail.com"}
RESULT: {"text":"hanifah@yopmail.com"}
COMMAND: POST /session/843a6462b3e62dd548bede7ee2be03d1/element - {"using":"css selector","value":"#password"}
RESULT: {"using":"css selector","value":"#password"}
COMMAND: POST /session/843a6462b3e62dd548bede7ee2be03d1/element/af47ddc2-7240-40d8-9eb6-481f8b9b091b/clear - {}
RESULT: {}
COMMAND: POST /session/843a6462b3e62dd548bede7ee2be03d1/element/af47ddc2-7240-40d8-9eb6-481f8b9b091b/value - {"text":"Pfm12345"}
RESULT: {"text":"Pfm12345"}
COMMAND: POST /session/843a6462b3e62dd548bede7ee2be03d1/element - {"using":"css selector","value":"button[type=\"submit\"]"}
RESULT: {"using":"css selector","value":"button[type=\"submit\"]"}
COMMAND: POST /session/843a6462b3e62dd548bede7ee2be03d1/element/94a2d84a-3387-4106-9f93-e5df813922a3/click - {}
RESULT: {}
COMMAND: POST /session/843a6462b3e62dd548bede7ee2be03d1/element - {"using":"css selector","value":"div.message-error"}
RESULT: {"using":"css selector","value":"div.message-error"}
COMMAND: POST /session/843a6462b3e62dd548bede7ee2be03d1/element - {"using":"css selector","value":"div.message-error"}
RESULT: {"using":"css selector","value":"div.message-error"}
COMMAND: POST /session/843a6462b3e62dd548bede7ee2be03d1/element - {"using":"css selector","value":"div.message-error"}
RESULT: {"using":"css selector","value":"div.message-error"}
COMMAND: POST /session/843a6462b3e62dd548bede7ee2be03d1/element - {"using":"css selector","value":"div.message-error"}
RESULT: {"using":"css selector","value":"div.message-error"}
COMMAND: POST /session/843a6462b3e62dd548bede7ee2be03d1/execute/sync - {"script":"return (function isElementDisplayed(element) {\n    function nodeIsElement(node) {\n        if (!node) {\n            return false;\n        }\n        switch (node.nodeType) {\n            case Node.ELEMEN ... (7762 more bytes)","args":[{"element-6066-11e4-a52e-4f735466cecf":"cdd0256a-47ff-4dd9-bd8e-d0b90c61c22e","ELEMENT":"cdd0256a-47ff-4dd9-bd8e-d0b90c61c22e"}]}
RESULT: {"script":"return (function isElementDisplayed(element) {\n    function nodeIsElement(node) {\n        if (!node) {\n            return false;\n        }\n        switch (node.nodeType) {\n            case Node.ELEMEN ... (7762 more bytes)","args":[{"element-6066-11e4-a52e-4f735466cecf":"cdd0256a-47ff-4dd9-bd8e-d0b90c61c22e","ELEMENT":"cdd0256a-47ff-4dd9-bd8e-d0b90c61c22e"}]}
COMMAND: POST /session/843a6462b3e62dd548bede7ee2be03d1/element - {"using":"css selector","value":"div.message-error"}
RESULT: {"using":"css selector","value":"div.message-error"}
COMMAND: GET /session/843a6462b3e62dd548bede7ee2be03d1/element/cdd0256a-47ff-4dd9-bd8e-d0b90c61c22e/text - {}
RESULT: {}
COMMAND: GET /session/843a6462b3e62dd548bede7ee2be03d1/element/cdd0256a-47ff-4dd9-bd8e-d0b90c61c22e/text - {}
RESULT: {}
COMMAND: GET /session/843a6462b3e62dd548bede7ee2be03d1/element/cdd0256a-47ff-4dd9-bd8e-d0b90c61c22e/text - {}
RESULT: {}
COMMAND: GET /session/843a6462b3e62dd548bede7ee2be03d1/element/cdd0256a-47ff-4dd9-bd8e-d0b90c61c22e/text - {}
RESULT: {}
COMMAND: GET /session/843a6462b3e62dd548bede7ee2be03d1/element/cdd0256a-47ff-4dd9-bd8e-d0b90c61c22e/text - {}
RESULT: {}
COMMAND: GET /session/843a6462b3e62dd548bede7ee2be03d1/element/cdd0256a-47ff-4dd9-bd8e-d0b90c61c22e/text - {}
RESULT: {}
COMMAND: GET /session/843a6462b3e62dd548bede7ee2be03d1/element/cdd0256a-47ff-4dd9-bd8e-d0b90c61c22e/text - {}
RESULT: {}
COMMAND: GET /session/843a6462b3e62dd548bede7ee2be03d1/element/cdd0256a-47ff-4dd9-bd8e-d0b90c61c22e/text - {}
RESULT: {}
COMMAND: GET /session/843a6462b3e62dd548bede7ee2be03d1/element/cdd0256a-47ff-4dd9-bd8e-d0b90c61c22e/text - {}
RESULT: {}
COMMAND: GET /session/843a6462b3e62dd548bede7ee2be03d1/element/cdd0256a-47ff-4dd9-bd8e-d0b90c61c22e/text - {}
RESULT: {}
COMMAND: GET /session/843a6462b3e62dd548bede7ee2be03d1/element/cdd0256a-47ff-4dd9-bd8e-d0b90c61c22e/text - {}
RESULT: {}
COMMAND: GET /session/843a6462b3e62dd548bede7ee2be03d1/element/cdd0256a-47ff-4dd9-bd8e-d0b90c61c22e/text - {}
RESULT: {}
COMMAND: GET /session/843a6462b3e62dd548bede7ee2be03d1/element/cdd0256a-47ff-4dd9-bd8e-d0b90c61c22e/text - {}
RESULT: {}
COMMAND: GET /session/843a6462b3e62dd548bede7ee2be03d1/element/cdd0256a-47ff-4dd9-bd8e-d0b90c61c22e/text - {}
RESULT: {}
COMMAND: GET /session/843a6462b3e62dd548bede7ee2be03d1/element/cdd0256a-47ff-4dd9-bd8e-d0b90c61c22e/text - {}
RESULT: {}
COMMAND: GET /session/843a6462b3e62dd548bede7ee2be03d1/element/cdd0256a-47ff-4dd9-bd8e-d0b90c61c22e/text - {}
RESULT: {}
COMMAND: GET /session/843a6462b3e62dd548bede7ee2be03d1/element/cdd0256a-47ff-4dd9-bd8e-d0b90c61c22e/text - {}
RESULT: {}
COMMAND: GET /session/843a6462b3e62dd548bede7ee2be03d1/element/cdd0256a-47ff-4dd9-bd8e-d0b90c61c22e/text - {}
RESULT: {}
COMMAND: GET /session/843a6462b3e62dd548bede7ee2be03d1/element/cdd0256a-47ff-4dd9-bd8e-d0b90c61c22e/text - {}
RESULT: {}
COMMAND: GET /session/843a6462b3e62dd548bede7ee2be03d1/element/cdd0256a-47ff-4dd9-bd8e-d0b90c61c22e/text - {}
RESULT: {}
]]></system-out>
      <system-err><![CDATA[
Error: Expect $(`div.message-error`) to have text

Expected: "Akun ini belum terkonfirmasi. Mohon cek email Anda untuk mengkonfirmasi."
Received: ""
    at Context.<anonymous> (C:\Users\Hanifah\WebdriverIO\pfm-estore\test\specs\estore\negative\login\/confirmationrequired.login.js:25:47)
    at processTicksAndRejections (internal/process/task_queues.js:93:5)
    at Context.executeAsync (C:\Users\Hanifah\WebdriverIO\pfm-estore\node_modules\@wdio\utils\build\shim.js:136:16)
    at Context.testFrameworkFnWrapper (C:\Users\Hanifah\WebdriverIO\pfm-estore\node_modules\@wdio\utils\build\test-framework\testFnWrapper.js:52:18)
]]></system-err>
    </testcase>
    <testcase classname="chrome.90_0_4430_212.windows.Customer account has not been confirmed" name="should save a screenshot of the browser view when Confirmation Required" time="0.007">
      <system-out><![CDATA[
COMMAND: POST /session/843a6462b3e62dd548bede7ee2be03d1/window/maximize - {}
COMMAND: GET /session/843a6462b3e62dd548bede7ee2be03d1/screenshot - {}
COMMAND: GET /session/843a6462b3e62dd548bede7ee2be03d1/screenshot - {}
COMMAND: DELETE /session/843a6462b3e62dd548bede7ee2be03d1 - {}
RESULT: {}
RESULT: {}
RESULT: {}
RESULT: {}
]]></system-out>
    </testcase>
  </testsuite>
</testsuites>