<?xml version="1.0" encoding="UTF-8"?>
<testsuites>
  <testsuite name="Customer did not fill email register form" timestamp="2021-05-22T14:27:53" time="4.111" tests="1" failures="1" errors="1" skipped="0">
    <properties>
      <property name="specId" value="0"/>
      <property name="suiteName" value="Customer did not fill email register form"/>
      <property name="capabilities" value="chrome.90_0_4430_212.windows"/>
      <property name="file" value=".\test\specs\estore\negative\register\emptyemail.register.js"/>
    </properties>
    <testcase classname="chrome.90_0_4430_212.windows.Customer did not fill email register form" name="should show error message when empty email" time="4.084">
      <failure/>
      <error message="invalid element state&#xA;  (Session info: chrome=90.0.4430.212)"/>
      <system-out><![CDATA[
COMMAND: POST /session/493a279a6bb17a40fb37cb13826eb3f6/window/maximize - {}
COMMAND: POST /session/493a279a6bb17a40fb37cb13826eb3f6/element - {"using":"css selector","value":"#email"}
RESULT: {"url":"https://eprimafreshmart.cp.co.id/pfm/index.php/customer/account/create"}
RESULT: {"using":"css selector","value":"#email"}
COMMAND: POST /session/493a279a6bb17a40fb37cb13826eb3f6/element/770c052d-0dc9-41a1-a121-41506f52ba24/clear - {}
RESULT: {}
RESULT: {}
COMMAND: POST /session/493a279a6bb17a40fb37cb13826eb3f6/element/770c052d-0dc9-41a1-a121-41506f52ba24/value - {"text":""}
RESULT: {"text":""}
COMMAND: POST /session/493a279a6bb17a40fb37cb13826eb3f6/element - {"using":"css selector","value":"#password"}
RESULT: {"using":"css selector","value":"#password"}
COMMAND: POST /session/493a279a6bb17a40fb37cb13826eb3f6/element/a9ad6140-c5be-4531-8c08-ffdcf61f62fb/clear - {}
RESULT: {}
COMMAND: POST /session/493a279a6bb17a40fb37cb13826eb3f6/element/a9ad6140-c5be-4531-8c08-ffdcf61f62fb/value - {"text":"Pfm12345"}
RESULT: {"text":"Pfm12345"}
COMMAND: POST /session/493a279a6bb17a40fb37cb13826eb3f6/element - {"using":"css selector","value":"#password_confirmation"}
RESULT: {"using":"css selector","value":"#password_confirmation"}
COMMAND: POST /session/493a279a6bb17a40fb37cb13826eb3f6/element/5f5467b9-2ffd-40e5-8586-919ac6477e57/clear - {}
RESULT: {}
COMMAND: POST /session/493a279a6bb17a40fb37cb13826eb3f6/element/5f5467b9-2ffd-40e5-8586-919ac6477e57/value - {"text":"Pfm12345"}
RESULT: {"text":"Pfm12345"}
COMMAND: POST /session/493a279a6bb17a40fb37cb13826eb3f6/element - {"using":"css selector","value":"#firstname"}
RESULT: {"using":"css selector","value":"#firstname"}
COMMAND: POST /session/493a279a6bb17a40fb37cb13826eb3f6/element/7b1b2993-8a00-4d0a-8729-2e9b8d350440/clear - {}
RESULT: {}
COMMAND: POST /session/493a279a6bb17a40fb37cb13826eb3f6/element/7b1b2993-8a00-4d0a-8729-2e9b8d350440/value - {"text":"Pfm Wdio Satu"}
RESULT: {"text":"Pfm Wdio Satu"}
COMMAND: POST /session/493a279a6bb17a40fb37cb13826eb3f6/element - {"using":"css selector","value":"#male"}
RESULT: {"using":"css selector","value":"#male"}
COMMAND: POST /session/493a279a6bb17a40fb37cb13826eb3f6/element/f66ee55b-1e38-45be-9232-82a390194b00/clear - {}
COMMAND: GET /session/493a279a6bb17a40fb37cb13826eb3f6/screenshot - {}
COMMAND: DELETE /session/493a279a6bb17a40fb37cb13826eb3f6 - {}
RESULT: {}
RESULT: {}
]]></system-out>
      <system-err><![CDATA[
invalid element state: invalid element state
  (Session info: chrome=90.0.4430.212)
    at Object.getErrorFromResponseBody (C:\Users\Hanifah\WebdriverIO\pfm-estore\node_modules\webdriver\build\utils.js:189:12)
    at WebDriverRequest._request (C:\Users\Hanifah\WebdriverIO\pfm-estore\node_modules\webdriver\build\request.js:168:31)
    at processTicksAndRejections (internal/process/task_queues.js:93:5)
    at Element.wrapCommandFn (C:\Users\Hanifah\WebdriverIO\pfm-estore\node_modules\@wdio\utils\build\shim.js:78:29)
    at Element.wrapCommandFn (C:\Users\Hanifah\WebdriverIO\pfm-estore\node_modules\@wdio\utils\build\shim.js:78:29)
    at Element.elementErrorHandlerCallbackFn (C:\Users\Hanifah\WebdriverIO\pfm-estore\node_modules\webdriverio\build\middlewares.js:23:32)
    at Element.wrapCommandFn (C:\Users\Hanifah\WebdriverIO\pfm-estore\node_modules\@wdio\utils\build\shim.js:78:29)
    at Element.wrapCommandFn (C:\Users\Hanifah\WebdriverIO\pfm-estore\node_modules\@wdio\utils\build\shim.js:78:29)
    at Element.elementErrorHandlerCallbackFn (C:\Users\Hanifah\WebdriverIO\pfm-estore\node_modules\webdriverio\build\middlewares.js:23:32)
    at Element.wrapCommandFn (C:\Users\Hanifah\WebdriverIO\pfm-estore\node_modules\@wdio\utils\build\shim.js:78:29)
]]></system-err>
    </testcase>
  </testsuite>
</testsuites>