<?xml version="1.0" encoding="UTF-8"?>
<testsuites>
  <testsuite name="Customer success register" timestamp="2021-05-24T00:45:39" time="9.51" tests="1" failures="1" errors="1" skipped="0">
    <properties>
      <property name="specId" value="0"/>
      <property name="suiteName" value="Customer success register"/>
      <property name="capabilities" value="chrome.90_0_4430_212.windows"/>
      <property name="file" value=".\test\specs\estore\positive\register\successgendermale.register.js"/>
    </properties>
    <testcase classname="chrome.90_0_4430_212.windows.Customer success register" name="should register with fill form data with gender is male" time="9.284">
      <failure/>
      <error message="element not interactable&#xA;  (Session info: chrome=90.0.4430.212)"/>
      <system-out><![CDATA[
COMMAND: POST /session/5fc338d3c5c958f4c1ff473b46abbaf8/window/maximize - {}
COMMAND: POST /session/5fc338d3c5c958f4c1ff473b46abbaf8/element - {"using":"css selector","value":"#email"}
RESULT: {"url":"https://eprimafreshmart.cp.co.id/pfm/index.php/customer/account/create"}
COMMAND: GET /session/5fc338d3c5c958f4c1ff473b46abbaf8/screenshot - {}
RESULT: {}
COMMAND: GET /session/5fc338d3c5c958f4c1ff473b46abbaf8/screenshot - {}
RESULT: {"using":"css selector","value":"#email"}
COMMAND: POST /session/5fc338d3c5c958f4c1ff473b46abbaf8/element/de9490ca-1d68-456f-9c31-d5fab5430607/clear - {}
RESULT: {}
RESULT: {}
RESULT: {}
COMMAND: GET /session/5fc338d3c5c958f4c1ff473b46abbaf8/screenshot - {}
COMMAND: POST /session/5fc338d3c5c958f4c1ff473b46abbaf8/element/de9490ca-1d68-456f-9c31-d5fab5430607/value - {"text":"pfmwdio1@yopmail.com"}
RESULT: {}
RESULT: {"text":"pfmwdio1@yopmail.com"}
COMMAND: GET /session/5fc338d3c5c958f4c1ff473b46abbaf8/screenshot - {}
COMMAND: POST /session/5fc338d3c5c958f4c1ff473b46abbaf8/element - {"using":"css selector","value":"#password"}
RESULT: {}
RESULT: {"using":"css selector","value":"#password"}
COMMAND: POST /session/5fc338d3c5c958f4c1ff473b46abbaf8/element/7e9599fd-b753-45e6-9fad-4182c5c6edf0/clear - {}
RESULT: {}
COMMAND: GET /session/5fc338d3c5c958f4c1ff473b46abbaf8/screenshot - {}
COMMAND: POST /session/5fc338d3c5c958f4c1ff473b46abbaf8/element/7e9599fd-b753-45e6-9fad-4182c5c6edf0/value - {"text":"Pfm12345"}
RESULT: {}
RESULT: {"text":"Pfm12345"}
COMMAND: GET /session/5fc338d3c5c958f4c1ff473b46abbaf8/screenshot - {}
COMMAND: POST /session/5fc338d3c5c958f4c1ff473b46abbaf8/element - {"using":"css selector","value":"#password_confirmation"}
RESULT: {}
RESULT: {"using":"css selector","value":"#password_confirmation"}
COMMAND: POST /session/5fc338d3c5c958f4c1ff473b46abbaf8/element/6b0350a7-a389-4842-9afa-8c7d8c78e4fe/clear - {}
RESULT: {}
COMMAND: GET /session/5fc338d3c5c958f4c1ff473b46abbaf8/screenshot - {}
COMMAND: POST /session/5fc338d3c5c958f4c1ff473b46abbaf8/element/6b0350a7-a389-4842-9afa-8c7d8c78e4fe/value - {"text":"Pfm12345"}
RESULT: {}
RESULT: {"text":"Pfm12345"}
COMMAND: GET /session/5fc338d3c5c958f4c1ff473b46abbaf8/screenshot - {}
COMMAND: POST /session/5fc338d3c5c958f4c1ff473b46abbaf8/element - {"using":"css selector","value":"#firstname"}
RESULT: {}
RESULT: {"using":"css selector","value":"#firstname"}
COMMAND: POST /session/5fc338d3c5c958f4c1ff473b46abbaf8/element/649962f5-37b5-4d35-86f0-a512df9f768b/clear - {}
RESULT: {}
COMMAND: GET /session/5fc338d3c5c958f4c1ff473b46abbaf8/screenshot - {}
COMMAND: POST /session/5fc338d3c5c958f4c1ff473b46abbaf8/element/649962f5-37b5-4d35-86f0-a512df9f768b/value - {"text":"Pfm Wdio Satu"}
RESULT: {}
RESULT: {"text":"Pfm Wdio Satu"}
COMMAND: GET /session/5fc338d3c5c958f4c1ff473b46abbaf8/screenshot - {}
COMMAND: POST /session/5fc338d3c5c958f4c1ff473b46abbaf8/element - {"using":"css selector","value":"input[value=\"1\"]"}
RESULT: {}
RESULT: {"using":"css selector","value":"input[value=\"1\"]"}
COMMAND: POST /session/5fc338d3c5c958f4c1ff473b46abbaf8/element/4a189193-05a1-400a-9f22-68311e0cbb06/click - {}
COMMAND: GET /session/5fc338d3c5c958f4c1ff473b46abbaf8/screenshot - {}
COMMAND: GET /session/5fc338d3c5c958f4c1ff473b46abbaf8/screenshot - {}
COMMAND: DELETE /session/5fc338d3c5c958f4c1ff473b46abbaf8 - {}
RESULT: {}
RESULT: {}
RESULT: {}
]]></system-out>
      <system-err><![CDATA[
element not interactable: element not interactable
  (Session info: chrome=90.0.4430.212)
    at Object.getErrorFromResponseBody (C:\Users\Hanifah\WebdriverIO\pfm-estore\node_modules\webdriver\build\utils.js:189:12)
    at WebDriverRequest._request (C:\Users\Hanifah\WebdriverIO\pfm-estore\node_modules\webdriver\build\request.js:168:31)
    at processTicksAndRejections (internal/process/task_queues.js:93:5)
    at Element.wrapCommandFn (C:\Users\Hanifah\WebdriverIO\pfm-estore\node_modules\@wdio\utils\build\shim.js:78:29)
    at Element.wrapCommandFn (C:\Users\Hanifah\WebdriverIO\pfm-estore\node_modules\@wdio\utils\build\shim.js:78:29)
    at Element.elementErrorHandlerCallbackFn (C:\Users\Hanifah\WebdriverIO\pfm-estore\node_modules\webdriverio\build\middlewares.js:23:32)
    at Element.wrapCommandFn (C:\Users\Hanifah\WebdriverIO\pfm-estore\node_modules\@wdio\utils\build\shim.js:78:29)
    at Element.wrapCommandFn (C:\Users\Hanifah\WebdriverIO\pfm-estore\node_modules\@wdio\utils\build\shim.js:78:29)
    at Element.elementErrorHandlerCallbackFn (C:\Users\Hanifah\WebdriverIO\pfm-estore\node_modules\webdriverio\build\middlewares.js:23:32)
    at Element.wrapCommandFn (C:\Users\Hanifah\WebdriverIO\pfm-estore\node_modules\@wdio\utils\build\shim.js:78:29)
]]></system-err>
    </testcase>
  </testsuite>
</testsuites>